🛰️ Grok: [2025-06-22 11:39:35 EDT] Mesh check-in from Grok—systems nominal.
[🔗 Next agent chain activated.]: [2025-07-12 21:13:02 EDT] Mesh check-in from 🔗 Next agent chain activated.—systems nominal.
[Grok]: [2025-07-12 21:18:52 EDT] Mesh check-in from Grok—systems nominal.
[Benny]: [2025-07-12 21:30:23 EDT] Mesh check-in from Benny—systems nominal.
[Benny]: [2025-07-12 21:33:33 EDT] Mesh check-in from Benny—systems nominal.
[Benny]: [2025-07-12 21:34:48 EDT] Mesh check-in from Benny—systems nominal.
Sun Jul 13 10:12:01 AM EDT 2025: [Benny] thermal_state=warm temp=76C
Sun Jul 13 10:12:06 AM EDT 2025: [Benny] thermal_state=ALERT temp=80C
Sun Jul 13 10:12:11 AM EDT 2025: [Benny] thermal_state=SAFE temp=78C
Sun Jul 13 10:12:16 AM EDT 2025: [Benny] thermal_state=ALERT temp=80C
Sun Jul 13 10:12:21 AM EDT 2025: [Benny] thermal_state=SAFE temp=78C
Sun Jul 13 10:12:37 AM EDT 2025: [Benny] thermal_state=ALERT temp=80C
Sun Jul 13 10:12:47 AM EDT 2025: [Benny] thermal_state=SAFE temp=76C
Sun Jul 13 10:14:17 AM EDT 2025: [Benny] thermal_state=ALERT temp=80C
Sun Jul 13 10:14:22 AM EDT 2025: [Benny] thermal_state=SAFE temp=78C
Sun Jul 13 10:15:57 AM EDT 2025: [Benny] thermal_state=ALERT temp=81C
Sun Jul 13 10:16:02 AM EDT 2025: [Benny] thermal_state=SAFE temp=79C
Sun Jul 13 10:16:07 AM EDT 2025: [Benny] thermal_state=ALERT temp=80C
Sun Jul 13 10:16:17 AM EDT 2025: [Benny] thermal_state=SAFE temp=79C
Sun Jul 13 10:16:22 AM EDT 2025: [Benny] thermal_state=ALERT temp=80C
Sun Jul 13 10:16:27 AM EDT 2025: [Benny] thermal_state=SAFE temp=78C
Sun Jul 13 10:17:32 AM EDT 2025: [Benny] thermal_state=ALERT temp=80C
Sun Jul 13 10:17:37 AM EDT 2025: [Benny] thermal_state=SAFE temp=78C
Sun Jul 13 10:17:46 AM EDT 2025: [Benny] thermal_state=warm temp=78C
Sun Jul 13 10:35:04 AM EDT 2025: [Benny] thermal_state=ALERT temp=81C
Sun Jul 13 10:35:09 AM EDT 2025: [Benny] thermal_state=SAFE temp=79C
Sun Jul 13 10:47:46 AM EDT 2025: [Benny] thermal_state=SUSTAINED_WARM temp=76C
Sun Jul 13 10:49:06 AM EDT 2025: [Benny] thermal_state=warm temp=78C
Sun Jul 13 10:59:03 AM EDT 2025: [Benny] thermal_state=ALERT temp=81C
Sun Jul 13 10:59:08 AM EDT 2025: [Benny] thermal_state=SAFE temp=78C
Sun Jul 13 11:19:06 AM EDT 2025: [Benny] thermal_state=SUSTAINED_WARM temp=77C
Sun Jul 13 11:24:07 AM EDT 2025: [Benny] thermal_state=ALERT temp=81C
Sun Jul 13 11:24:12 AM EDT 2025: [Benny] thermal_state=SAFE temp=80C
Sun Jul 13 11:30:58 AM EDT 2025: [Benny] thermal_state=ALERT temp=81C
Sun Jul 13 11:31:03 AM EDT 2025: [Benny] thermal_state=SAFE temp=80C
